build_old/flutter_downloader/intermediates/manifest_merge_blame_file/debug/manifest-merger-blame-debug-report.txt
1<?xml version="1.0" encoding="utf-8"?>
2<manifest xmlns:android="http://schemas.android.com/apk/res/android"
3    package="vn.hunghd.flutterdownloader" >
4
5    <uses-sdk android:minSdkVersion="16" />
5-->src\main\AndroidManifest.xml
6
7    <!-- https://developer.android.com/training/package-visibility -->
8    <queries>
8-->src\main\AndroidManifest.xml:5:5-9:15
9        <intent>
9-->src\main\AndroidManifest.xml:6:9-8:18
10            <action android:name="android.intent.action.VIEW" />
10-->src\main\AndroidManifest.xml:7:13-65
10-->src\main\AndroidManifest.xml:7:21-62
11        </intent>
12    </queries>
13
14</manifest>